<?xml version="1.0" encoding="UTF-8"?>
<!-- Generated by org.testng.reporters.JUnitXMLReporter -->
<testsuite hostname="CL-NB-903" ignored="0" name="Surefire test" tests="4" failures="0" timestamp="2019-10-18T16:01:05 CLST" time="96.021" errors="0">
  <testcase name="pruebaCantidadDeCampos" time="0.064" classname="test.Tests"/>
  <testcase name="pruebaDos" time="15.161" classname="test.Tests"/>
  <testcase name="pruebaTres" time="15.317" classname="test.Tests"/>
  <testcase name="pruebaUno" time="19.377" classname="test.Tests"/>
</testsuite> <!-- Surefire test -->
