<?xml version="1.0" encoding="UTF-8"?>
<testng-results skipped="0" failed="0" ignored="0" total="4" passed="4">
  <reporter-output>
  </reporter-output>
  <suite name="Surefire suite" duration-ms="96021" started-at="2019-10-18T15:59:29 CLST" finished-at="2019-10-18T16:01:05 CLST">
    <groups>
    </groups>
    <test name="Surefire test" duration-ms="96021" started-at="2019-10-18T15:59:29 CLST" finished-at="2019-10-18T16:01:05 CLST">
      <class name="test.Tests">
        <test-method status="PASS" signature="setUp()[pri:0, instance:test.Tests@1d4664d7]" name="setUp" is-config="true" duration-ms="8788" started-at="2019-10-18T15:59:29 CLST" finished-at="2019-10-18T15:59:38 CLST">
          <reporter-output>
          </reporter-output>
        </test-method> <!-- setUp -->
        <test-method status="PASS" signature="pruebaCantidadDeCampos()[pri:0, instance:test.Tests@1d4664d7]" name="pruebaCantidadDeCampos" duration-ms="64" started-at="2019-10-18T15:59:38 CLST" finished-at="2019-10-18T15:59:38 CLST">
          <reporter-output>
          </reporter-output>
        </test-method> <!-- pruebaCantidadDeCampos -->
        <test-method status="PASS" signature="tearDown(org.testng.ITestResult)[pri:0, instance:test.Tests@1d4664d7]" name="tearDown" is-config="true" duration-ms="4237" started-at="2019-10-18T15:59:38 CLST" finished-at="2019-10-18T15:59:42 CLST">
          <params>
            <param index="0">
              <value>
                <![CDATA[[TestResult name=pruebaCantidadDeCampos status=SUCCESS method=Tests.pruebaCantidadDeCampos()[pri:0, instance:test.Tests@1d4664d7] output={null}]]]>
              </value>
            </param>
          </params>
          <reporter-output>
          </reporter-output>
        </test-method> <!-- tearDown -->
        <test-method status="PASS" signature="setUp()[pri:0, instance:test.Tests@1d4664d7]" name="setUp" is-config="true" duration-ms="6643" started-at="2019-10-18T15:59:42 CLST" finished-at="2019-10-18T15:59:49 CLST">
          <reporter-output>
          </reporter-output>
        </test-method> <!-- setUp -->
        <test-method status="PASS" signature="pruebaDos()[pri:0, instance:test.Tests@1d4664d7]" name="pruebaDos" duration-ms="15161" started-at="2019-10-18T15:59:49 CLST" finished-at="2019-10-18T16:00:04 CLST">
          <reporter-output>
          </reporter-output>
        </test-method> <!-- pruebaDos -->
        <test-method status="PASS" signature="tearDown(org.testng.ITestResult)[pri:0, instance:test.Tests@1d4664d7]" name="tearDown" is-config="true" duration-ms="4235" started-at="2019-10-18T16:00:04 CLST" finished-at="2019-10-18T16:00:08 CLST">
          <params>
            <param index="0">
              <value>
                <![CDATA[[TestResult name=pruebaDos status=SUCCESS method=Tests.pruebaDos()[pri:0, instance:test.Tests@1d4664d7] output={null}]]]>
              </value>
            </param>
          </params>
          <reporter-output>
          </reporter-output>
        </test-method> <!-- tearDown -->
        <test-method status="PASS" signature="setUp()[pri:0, instance:test.Tests@1d4664d7]" name="setUp" is-config="true" duration-ms="7012" started-at="2019-10-18T16:00:08 CLST" finished-at="2019-10-18T16:00:15 CLST">
          <reporter-output>
          </reporter-output>
        </test-method> <!-- setUp -->
        <test-method status="PASS" signature="pruebaTres()[pri:0, instance:test.Tests@1d4664d7]" name="pruebaTres" duration-ms="15317" started-at="2019-10-18T16:00:15 CLST" finished-at="2019-10-18T16:00:31 CLST">
          <reporter-output>
          </reporter-output>
        </test-method> <!-- pruebaTres -->
        <test-method status="PASS" signature="tearDown(org.testng.ITestResult)[pri:0, instance:test.Tests@1d4664d7]" name="tearDown" is-config="true" duration-ms="4237" started-at="2019-10-18T16:00:31 CLST" finished-at="2019-10-18T16:00:35 CLST">
          <params>
            <param index="0">
              <value>
                <![CDATA[[TestResult name=pruebaTres status=SUCCESS method=Tests.pruebaTres()[pri:0, instance:test.Tests@1d4664d7] output={null}]]]>
              </value>
            </param>
          </params>
          <reporter-output>
          </reporter-output>
        </test-method> <!-- tearDown -->
        <test-method status="PASS" signature="setUp()[pri:0, instance:test.Tests@1d4664d7]" name="setUp" is-config="true" duration-ms="6620" started-at="2019-10-18T16:00:35 CLST" finished-at="2019-10-18T16:00:42 CLST">
          <reporter-output>
          </reporter-output>
        </test-method> <!-- setUp -->
        <test-method status="PASS" signature="pruebaUno()[pri:0, instance:test.Tests@1d4664d7]" name="pruebaUno" duration-ms="19377" started-at="2019-10-18T16:00:42 CLST" finished-at="2019-10-18T16:01:01 CLST">
          <reporter-output>
          </reporter-output>
        </test-method> <!-- pruebaUno -->
        <test-method status="PASS" signature="tearDown(org.testng.ITestResult)[pri:0, instance:test.Tests@1d4664d7]" name="tearDown" is-config="true" duration-ms="4220" started-at="2019-10-18T16:01:01 CLST" finished-at="2019-10-18T16:01:05 CLST">
          <params>
            <param index="0">
              <value>
                <![CDATA[[TestResult name=pruebaUno status=SUCCESS method=Tests.pruebaUno()[pri:0, instance:test.Tests@1d4664d7] output={null}]]]>
              </value>
            </param>
          </params>
          <reporter-output>
          </reporter-output>
        </test-method> <!-- tearDown -->
      </class> <!-- test.Tests -->
    </test> <!-- Surefire test -->
  </suite> <!-- Surefire suite -->
</testng-results>
